{"contracts\\NftMarketplace.sol":{"l":{"52":14,"53":14,"54":1,"56":13,"59":9,"60":9,"61":3,"63":6,"66":19,"67":19,"68":19,"69":3,"71":16,"90":12,"91":2,"94":10,"95":10,"96":1,"98":9,"99":9,"112":1,"113":1,"130":2,"131":2,"132":1,"136":1,"137":1,"138":1,"139":1,"159":2,"160":1,"162":1,"163":1,"170":1,"171":1,"172":1,"177":0,"179":0,"180":0,"192":2,"196":1},"path":"E:\\HARDHAT-NFT-MARKETPLACE-FCC\\contracts\\NftMarketplace.sol","s":{"1":14,"2":14,"3":9,"4":9,"5":19,"6":19,"7":19,"8":12,"9":10,"10":10,"11":9,"12":1,"13":2,"14":2,"15":1,"16":1,"17":2,"18":1,"19":1,"20":1,"21":0,"22":0,"23":2,"24":1},"b":{"1":[1,13],"2":[3,6],"3":[3,16],"4":[13,1],"5":[12,1],"6":[2,10],"7":[1,9],"8":[2,1],"9":[1,1],"10":[2,1],"11":[2,0],"12":[1,1],"13":[3,1],"14":[3,0],"15":[2,1],"16":[1,1],"17":[1,0],"18":[0,0]},"f":{"1":14,"2":9,"3":19,"4":12,"5":1,"6":2,"7":2,"8":1,"9":2,"10":1},"fnMap":{"1":{"name":"notListed","line":51,"loc":{"start":{"line":51,"column":4},"end":{"line":57,"column":4}}},"2":{"name":"isListed","line":58,"loc":{"start":{"line":58,"column":4},"end":{"line":64,"column":4}}},"3":{"name":"isOwner","line":65,"loc":{"start":{"line":65,"column":4},"end":{"line":72,"column":4}}},"4":{"name":"listItem","line":88,"loc":{"start":{"line":85,"column":4},"end":{"line":100,"column":4}}},"5":{"name":"cancelListing","line":110,"loc":{"start":{"line":107,"column":4},"end":{"line":114,"column":4}}},"6":{"name":"buyItem","line":128,"loc":{"start":{"line":124,"column":4},"end":{"line":140,"column":4}}},"7":{"name":"updateListing","line":156,"loc":{"start":{"line":148,"column":4},"end":{"line":164,"column":4}}},"8":{"name":"withdrawProceeds","line":169,"loc":{"start":{"line":169,"column":4},"end":{"line":181,"column":4}}},"9":{"name":"getListing","line":187,"loc":{"start":{"line":187,"column":4},"end":{"line":193,"column":4}}},"10":{"name":"getProceeds","line":195,"loc":{"start":{"line":195,"column":4},"end":{"line":197,"column":4}}}},"statementMap":{"1":{"start":{"line":52,"column":8},"end":{"line":52,"column":64}},"2":{"start":{"line":53,"column":8},"end":{"line":53,"column":1626}},"3":{"start":{"line":59,"column":8},"end":{"line":59,"column":64}},"4":{"start":{"line":60,"column":8},"end":{"line":60,"column":1889}},"5":{"start":{"line":66,"column":8},"end":{"line":66,"column":41}},"6":{"start":{"line":67,"column":8},"end":{"line":67,"column":44}},"7":{"start":{"line":68,"column":8},"end":{"line":68,"column":2190}},"8":{"start":{"line":90,"column":8},"end":{"line":90,"column":2755}},"9":{"start":{"line":94,"column":8},"end":{"line":94,"column":41}},"10":{"start":{"line":95,"column":8},"end":{"line":95,"column":2897}},"11":{"start":{"line":99,"column":8},"end":{"line":99,"column":63}},"12":{"start":{"line":113,"column":8},"end":{"line":113,"column":58}},"13":{"start":{"line":130,"column":12},"end":{"line":130,"column":71}},"14":{"start":{"line":131,"column":12},"end":{"line":131,"column":4189}},"15":{"start":{"line":138,"column":8},"end":{"line":138,"column":83}},"16":{"start":{"line":139,"column":8},"end":{"line":139,"column":74}},"17":{"start":{"line":159,"column":8},"end":{"line":159,"column":5279}},"18":{"start":{"line":163,"column":8},"end":{"line":163,"column":66}},"19":{"start":{"line":170,"column":8},"end":{"line":170,"column":49}},"20":{"start":{"line":171,"column":8},"end":{"line":171,"column":5690}},"21":{"start":{"line":179,"column":8},"end":{"line":179,"column":72}},"22":{"start":{"line":180,"column":8},"end":{"line":180,"column":42}},"23":{"start":{"line":192,"column":8},"end":{"line":192,"column":46}},"24":{"start":{"line":196,"column":8},"end":{"line":196,"column":33}}},"branchMap":{"1":{"line":53,"type":"if","locations":[{"start":{"line":53,"column":8},"end":{"line":53,"column":8}},{"start":{"line":53,"column":8},"end":{"line":53,"column":8}}]},"2":{"line":60,"type":"if","locations":[{"start":{"line":60,"column":8},"end":{"line":60,"column":8}},{"start":{"line":60,"column":8},"end":{"line":60,"column":8}}]},"3":{"line":68,"type":"if","locations":[{"start":{"line":68,"column":8},"end":{"line":68,"column":8}},{"start":{"line":68,"column":8},"end":{"line":68,"column":8}}]},"4":{"line":87,"type":"if","locations":[{"start":{"line":87,"column":4},"end":{"line":87,"column":4}},{"start":{"line":87,"column":4},"end":{"line":87,"column":4}}]},"5":{"line":88,"type":"if","locations":[{"start":{"line":88,"column":4},"end":{"line":88,"column":4}},{"start":{"line":88,"column":4},"end":{"line":88,"column":4}}]},"6":{"line":90,"type":"if","locations":[{"start":{"line":90,"column":8},"end":{"line":90,"column":8}},{"start":{"line":90,"column":8},"end":{"line":90,"column":8}}]},"7":{"line":95,"type":"if","locations":[{"start":{"line":95,"column":8},"end":{"line":95,"column":8}},{"start":{"line":95,"column":8},"end":{"line":95,"column":8}}]},"8":{"line":109,"type":"if","locations":[{"start":{"line":109,"column":4},"end":{"line":109,"column":4}},{"start":{"line":109,"column":4},"end":{"line":109,"column":4}}]},"9":{"line":110,"type":"if","locations":[{"start":{"line":110,"column":4},"end":{"line":110,"column":4}},{"start":{"line":110,"column":4},"end":{"line":110,"column":4}}]},"10":{"line":127,"type":"if","locations":[{"start":{"line":127,"column":8},"end":{"line":127,"column":8}},{"start":{"line":127,"column":8},"end":{"line":127,"column":8}}]},"11":{"line":128,"type":"if","locations":[{"start":{"line":128,"column":8},"end":{"line":128,"column":8}},{"start":{"line":128,"column":8},"end":{"line":128,"column":8}}]},"12":{"line":131,"type":"if","locations":[{"start":{"line":131,"column":12},"end":{"line":131,"column":12}},{"start":{"line":131,"column":12},"end":{"line":131,"column":12}}]},"13":{"line":154,"type":"if","locations":[{"start":{"line":154,"column":8},"end":{"line":154,"column":8}},{"start":{"line":154,"column":8},"end":{"line":154,"column":8}}]},"14":{"line":155,"type":"if","locations":[{"start":{"line":155,"column":8},"end":{"line":155,"column":8}},{"start":{"line":155,"column":8},"end":{"line":155,"column":8}}]},"15":{"line":156,"type":"if","locations":[{"start":{"line":156,"column":8},"end":{"line":156,"column":8}},{"start":{"line":156,"column":8},"end":{"line":156,"column":8}}]},"16":{"line":159,"type":"if","locations":[{"start":{"line":159,"column":8},"end":{"line":159,"column":8}},{"start":{"line":159,"column":8},"end":{"line":159,"column":8}}]},"17":{"line":171,"type":"if","locations":[{"start":{"line":171,"column":8},"end":{"line":171,"column":8}},{"start":{"line":171,"column":8},"end":{"line":171,"column":8}}]},"18":{"line":180,"type":"if","locations":[{"start":{"line":180,"column":8},"end":{"line":180,"column":8}},{"start":{"line":180,"column":8},"end":{"line":180,"column":8}}]}}},"contracts\\test\\BasicNft.sol":{"l":{"14":3,"18":17,"19":17,"20":17,"24":0,"25":0,"29":0},"path":"E:\\HARDHAT-NFT-MARKETPLACE-FCC\\contracts\\test\\BasicNft.sol","s":{"1":17,"2":17,"3":0,"4":0,"5":0},"b":{"1":[0,0]},"f":{"1":3,"2":17,"3":0,"4":0},"fnMap":{"1":{"name":"constructor","line":13,"loc":{"start":{"line":13,"column":4},"end":{"line":15,"column":4}}},"2":{"name":"mint","line":17,"loc":{"start":{"line":17,"column":4},"end":{"line":21,"column":4}}},"3":{"name":"tokenURI","line":23,"loc":{"start":{"line":23,"column":4},"end":{"line":26,"column":4}}},"4":{"name":"getTokenCounter","line":28,"loc":{"start":{"line":28,"column":4},"end":{"line":30,"column":4}}}},"statementMap":{"1":{"start":{"line":18,"column":8},"end":{"line":18,"column":44}},"2":{"start":{"line":19,"column":8},"end":{"line":19,"column":38}},"3":{"start":{"line":24,"column":8},"end":{"line":24,"column":83}},"4":{"start":{"line":25,"column":8},"end":{"line":25,"column":24}},"5":{"start":{"line":29,"column":8},"end":{"line":29,"column":29}}},"branchMap":{"1":{"line":24,"type":"if","locations":[{"start":{"line":24,"column":8},"end":{"line":24,"column":8}},{"start":{"line":24,"column":8},"end":{"line":24,"column":8}}]}}}}